<?xml version="1.0" encoding="UTF-8"?>
<!-- Generated by org.testng.reporters.JUnitReportReporter -->
<testsuite hostname="DESKTOP-AP469QL" failures="0" tests="2" name="testPackage.NewTest" time="0.040" errors="0" timestamp="2024-03-25T14:18:43 IST" skipped="0">
  <testcase classname="testPackage.NewTest" name="print" time="0.038"/>
  <testcase classname="testPackage.NewTest" name="print" time="0.002"/>
</testsuite> <!-- testPackage.NewTest -->
